SF:lib/models/category.dart
DA:12,8
DA:19,4
DA:20,4
DA:22,0
DA:28,0
DA:29,0
DA:30,0
DA:31,0
DA:32,0
LF:9
LH:3
end_of_record
SF:lib/models/category.g.dart
DA:9,4
DA:10,2
DA:11,2
DA:12,4
DA:13,2
DA:16,4
DA:17,2
DA:18,2
DA:19,2
DA:20,2
LF:10
LH:10
end_of_record
SF:lib/models/finance_account.dart
DA:16,9
DA:25,4
DA:26,2
DA:30,5
DA:31,12
DA:32,6
DA:33,3
LF:7
LH:7
end_of_record
SF:lib/models/finance_account.g.dart
DA:9,2
DA:10,2
DA:11,2
DA:12,4
DA:13,2
DA:14,2
DA:15,2
DA:16,2
DA:19,1
DA:20,1
DA:21,1
DA:22,2
DA:23,1
DA:24,1
DA:25,1
DA:26,1
LF:16
LH:16
end_of_record
SF:lib/models/expense.dart
DA:17,5
DA:28,4
DA:29,2
DA:30,2
DA:31,4
DA:32,0
DA:34,4
DA:35,2
DA:36,8
DA:37,10
DA:38,8
DA:43,0
DA:53,0
DA:54,0
DA:55,0
DA:56,0
DA:57,0
DA:58,0
DA:59,0
DA:60,0
DA:61,0
LF:21
LH:10
end_of_record
SF:lib/models/expense.g.dart
DA:9,4
DA:10,2
DA:11,4
DA:12,2
DA:13,2
DA:14,2
DA:15,2
DA:17,0
DA:18,4
DA:19,2
DA:22,4
DA:23,2
DA:24,4
DA:25,2
DA:26,2
DA:27,2
DA:28,2
DA:29,2
DA:30,2
LF:19
LH:18
end_of_record
SF:lib/providers/data_providers.dart
DA:21,6
DA:23,6
DA:24,18
DA:27,0
DA:30,18
DA:32,8
DA:33,4
DA:34,2
DA:35,12
DA:38,20
DA:39,10
DA:40,25
DA:47,22
DA:48,2
DA:49,2
DA:50,1
DA:51,1
DA:52,1
DA:53,1
DA:62,4
DA:64,4
DA:67,4
DA:69,0
DA:70,0
DA:71,0
DA:74,12
DA:76,5
DA:77,4
DA:79,0
DA:84,1
DA:85,3
DA:87,1
DA:88,1
DA:89,4
DA:90,3
DA:91,3
DA:92,4
DA:95,2
DA:100,1
DA:101,3
DA:103,2
DA:104,1
DA:105,2
DA:106,6
DA:108,3
DA:109,3
DA:110,4
DA:112,2
DA:117,1
DA:118,3
DA:120,1
DA:121,1
DA:122,7
DA:123,3
DA:124,3
DA:125,4
DA:127,2
DA:133,22
DA:134,4
DA:142,4
DA:144,4
DA:147,4
DA:149,0
DA:150,0
DA:151,0
DA:154,12
DA:156,5
DA:157,4
DA:159,0
DA:164,0
DA:165,0
DA:167,0
DA:168,0
DA:169,0
DA:172,0
DA:177,0
DA:178,0
DA:180,0
DA:181,0
DA:182,0
DA:183,0
DA:186,0
DA:191,0
DA:192,0
DA:194,0
DA:195,0
DA:196,0
DA:198,0
DA:200,0
DA:206,28
DA:207,4
DA:215,1
DA:217,1
DA:220,1
DA:222,0
DA:224,3
DA:226,2
DA:227,3
DA:228,1
DA:230,0
DA:235,0
DA:236,0
DA:237,0
DA:238,0
DA:241,0
DA:242,0
DA:243,0
DA:244,0
DA:247,0
DA:248,0
DA:249,0
DA:250,0
DA:253,0
DA:254,0
DA:255,0
DA:256,0
DA:257,0
DA:261,10
DA:262,1
DA:269,19
DA:271,0
DA:275,0
DA:276,0
DA:277,0
DA:281,8
DA:282,5
DA:283,3
DA:286,4
DA:287,2
DA:288,1
DA:289,1
DA:292,19
DA:293,8
DA:294,16
DA:301,16
DA:302,8
DA:303,4
DA:304,3
DA:305,6
DA:306,0
DA:307,6
DA:309,3
DA:311,4
DA:315,0
DA:316,0
DA:317,0
DA:318,0
DA:319,0
DA:323,0
DA:324,0
DA:325,0
DA:335,1
DA:337,2
DA:338,5
DA:341,1
DA:344,0
DA:346,0
DA:347,0
DA:351,1
DA:353,3
DA:354,1
DA:355,1
DA:358,2
DA:361,2
DA:362,0
DA:363,0
DA:364,0
DA:368,0
DA:372,3
DA:376,1
DA:381,4
DA:382,1
LF:172
LH:104
end_of_record
SF:lib/repositories/api_client.dart
DA:14,1
DA:20,1
DA:21,1
DA:22,1
DA:23,1
DA:24,1
DA:25,0
DA:26,1
DA:27,1
DA:28,1
DA:29,0
DA:30,1
DA:31,1
DA:32,1
DA:33,0
DA:44,2
DA:49,1
DA:51,4
DA:53,1
DA:54,1
DA:55,1
DA:56,3
DA:65,1
DA:66,3
DA:67,3
DA:69,2
DA:70,2
DA:71,4
DA:73,3
DA:77,1
DA:78,3
DA:79,2
DA:81,1
DA:82,2
DA:85,2
DA:86,3
DA:88,3
DA:92,1
DA:93,3
DA:94,2
DA:96,1
DA:97,2
DA:100,2
DA:101,3
DA:103,3
DA:107,1
DA:108,3
DA:109,3
DA:111,2
DA:112,3
DA:120,1
DA:121,3
DA:122,3
DA:124,2
DA:125,2
DA:126,4
DA:128,3
DA:132,1
DA:133,3
DA:134,2
DA:136,1
DA:137,2
DA:140,2
DA:141,0
DA:143,3
DA:147,1
DA:148,3
DA:149,2
DA:151,1
DA:152,2
DA:155,2
DA:156,0
DA:158,3
DA:162,1
DA:163,3
DA:164,3
DA:166,2
DA:167,3
DA:175,1
DA:176,4
DA:177,0
DA:179,3
DA:181,2
DA:182,0
DA:183,0
DA:185,3
DA:189,1
DA:190,3
DA:191,2
DA:193,1
DA:194,2
DA:197,2
DA:198,3
DA:200,3
DA:204,1
DA:205,3
DA:206,2
DA:208,1
DA:209,2
DA:212,2
DA:213,0
DA:215,3
DA:219,1
DA:220,3
DA:221,3
DA:223,2
DA:224,3
DA:228,0
DA:229,0
DA:230,0
DA:232,0
DA:233,0
DA:234,0
DA:236,0
DA:244,1
DA:245,3
DA:246,3
DA:248,2
DA:249,3
DA:251,3
DA:255,0
DA:256,0
DA:257,0
DA:259,0
DA:260,0
DA:261,0
DA:262,0
DA:264,0
DA:272,0
DA:273,0
DA:274,0
DA:276,0
DA:277,0
DA:280,0
DA:281,0
DA:289,0
DA:290,0
DA:291,0
DA:293,0
DA:294,0
DA:297,0
DA:299,0
DA:303,0
DA:304,0
DA:305,0
DA:307,0
DA:308,0
DA:316,1
DA:317,4
DA:318,0
DA:321,3
DA:323,2
DA:324,2
DA:325,1
DA:327,4
DA:335,1
DA:336,3
DA:337,3
DA:339,2
DA:340,2
DA:341,1
DA:343,3
DA:347,0
DA:348,0
LF:164
LH:118
end_of_record
SF:lib/models/monthly_summary.dart
DA:13,3
DA:21,0
DA:22,0
DA:32,4
DA:39,2
DA:40,0
LF:6
LH:3
end_of_record
SF:lib/models/monthly_summary.g.dart
DA:9,0
DA:10,0
DA:11,0
DA:12,0
DA:13,0
DA:14,0
DA:15,0
DA:18,0
DA:19,0
DA:20,0
DA:21,0
DA:22,0
DA:23,0
DA:24,0
DA:27,1
DA:28,1
DA:29,1
DA:30,2
DA:31,2
DA:32,1
DA:33,1
DA:34,1
DA:37,0
DA:38,0
DA:39,0
DA:40,0
DA:41,0
DA:42,0
LF:28
LH:8
end_of_record
SF:lib/models/recommendation.dart
DA:8,0
DA:16,0
DA:17,0
DA:18,0
DA:19,0
DA:20,0
DA:21,0
LF:7
LH:0
end_of_record
SF:lib/core/runtime_config.dart
DA:4,1
DA:5,1
DA:6,0
DA:12,0
DA:13,0
DA:14,0
DA:18,0
DA:21,1
DA:22,1
DA:23,1
DA:28,1
DA:29,1
DA:32,0
DA:33,0
DA:36,0
DA:39,1
LF:16
LH:8
end_of_record
SF:lib/core/runtime_config_stub.dart
DA:1,1
DA:2,0
DA:3,1
DA:4,0
DA:5,1
LF:5
LH:3
end_of_record
SF:lib/core/update_logic.dart
DA:3,0
DA:4,0
LF:2
LH:0
end_of_record
SF:lib/core/update_logic_stub.dart
DA:1,0
DA:2,0
DA:4,0
LF:3
LH:0
end_of_record
SF:lib/l10n/app_localizations.dart
DA:65,10
DA:66,20
DA:70,10
DA:71,10
DA:824,1
DA:826,10
DA:828,20
DA:831,10
DA:833,30
DA:835,0
DA:839,10
DA:841,10
DA:842,10
DA:843,1
DA:844,10
DA:845,10
DA:848,0
LF:17
LH:15
end_of_record
SF:lib/l10n/app_localizations_en.dart
DA:9,2
DA:11,1
DA:14,1
DA:17,0
DA:20,0
DA:23,0
DA:26,0
DA:29,0
DA:32,0
DA:35,0
DA:38,0
DA:41,0
DA:44,0
DA:47,0
DA:50,0
DA:53,0
DA:56,0
DA:59,0
DA:62,0
DA:65,0
DA:68,0
DA:71,0
DA:75,0
DA:78,0
DA:81,0
DA:84,0
DA:86,0
DA:89,0
DA:92,0
DA:95,0
DA:98,0
DA:101,0
DA:104,0
DA:107,0
DA:110,0
DA:112,0
DA:115,0
DA:118,0
DA:121,0
DA:124,0
DA:127,0
DA:130,0
DA:133,0
DA:135,0
DA:138,0
DA:141,0
DA:144,0
DA:147,0
DA:150,0
DA:153,0
DA:156,0
DA:159,0
DA:162,0
DA:165,0
DA:168,0
DA:171,0
DA:174,0
DA:177,0
DA:180,0
DA:183,0
DA:185,0
DA:188,0
DA:191,0
DA:194,0
DA:197,0
DA:200,0
DA:203,0
DA:206,0
DA:209,0
DA:212,0
DA:215,0
DA:218,0
DA:220,0
DA:223,0
DA:226,0
DA:228,0
DA:231,0
DA:234,0
DA:237,0
DA:240,0
DA:243,0
DA:246,0
DA:248,0
DA:251,0
DA:254,0
DA:257,0
DA:260,0
DA:263,0
DA:266,0
DA:269,0
DA:272,0
DA:275,0
DA:278,0
DA:281,0
DA:284,0
DA:287,0
DA:290,0
DA:293,0
DA:295,0
DA:298,0
DA:300,0
DA:303,0
DA:306,0
DA:309,0
DA:312,0
DA:315,0
DA:318,0
DA:320,0
DA:323,0
DA:326,0
DA:329,0
DA:333,0
DA:336,0
DA:339,0
DA:342,0
DA:345,0
DA:348,0
DA:352,0
DA:355,0
DA:358,0
DA:361,0
DA:364,0
DA:367,0
DA:370,0
DA:372,0
DA:375,0
DA:377,0
DA:380,0
DA:383,0
DA:386,0
DA:389,0
DA:392,0
DA:394,0
DA:397,0
LF:134
LH:3
end_of_record
SF:lib/l10n/app_localizations_es.dart
DA:9,20
DA:11,1
DA:14,1
DA:17,0
DA:20,0
DA:23,0
DA:26,0
DA:29,0
DA:32,0
DA:35,0
DA:38,0
DA:41,0
DA:44,0
DA:47,0
DA:50,0
DA:53,0
DA:56,0
DA:59,0
DA:62,2
DA:65,3
DA:68,2
DA:71,0
DA:75,0
DA:78,0
DA:81,0
DA:84,0
DA:86,0
DA:89,1
DA:92,1
DA:95,0
DA:98,0
DA:101,1
DA:104,0
DA:107,0
DA:110,2
DA:112,2
DA:115,0
DA:118,0
DA:121,0
DA:124,0
DA:127,0
DA:130,0
DA:133,1
DA:135,1
DA:138,3
DA:141,0
DA:144,0
DA:147,0
DA:150,3
DA:153,0
DA:156,0
DA:159,3
DA:162,3
DA:165,0
DA:168,1
DA:171,2
DA:174,1
DA:177,4
DA:180,0
DA:183,0
DA:185,0
DA:188,0
DA:191,2
DA:194,1
DA:197,1
DA:200,1
DA:203,0
DA:206,0
DA:209,0
DA:212,1
DA:215,0
DA:218,0
DA:220,0
DA:223,1
DA:226,1
DA:228,1
DA:231,1
DA:234,0
DA:237,1
DA:240,0
DA:243,1
DA:246,1
DA:248,1
DA:251,1
DA:254,1
DA:257,1
DA:260,1
DA:263,1
DA:266,1
DA:269,0
DA:272,0
DA:275,0
DA:278,0
DA:281,1
DA:284,0
DA:287,0
DA:290,0
DA:293,0
DA:295,0
DA:298,0
DA:300,0
DA:303,1
DA:306,0
DA:309,1
DA:312,1
DA:315,4
DA:318,1
DA:320,1
DA:323,0
DA:326,0
DA:329,0
DA:333,0
DA:336,3
DA:339,2
DA:342,2
DA:345,0
DA:348,0
DA:352,0
DA:355,0
DA:358,0
DA:361,0
DA:364,0
DA:367,0
DA:370,0
DA:372,0
DA:375,0
DA:377,0
DA:380,3
DA:383,3
DA:386,0
DA:389,0
DA:392,3
DA:394,3
DA:397,3
LF:134
LH:55
end_of_record
SF:lib/models/user.dart
DA:13,2
DA:21,0
DA:22,0
LF:3
LH:1
end_of_record
SF:lib/models/user.g.dart
DA:9,0
DA:10,0
DA:11,0
DA:12,0
DA:13,0
DA:14,0
DA:17,0
DA:18,0
DA:19,0
DA:20,0
DA:21,0
DA:22,0
LF:12
LH:0
end_of_record
SF:lib/providers/auth_provider.dart
DA:22,2
DA:34,0
DA:45,0
DA:46,0
DA:47,0
DA:48,0
DA:49,0
DA:50,0
DA:51,0
DA:52,0
DA:53,0
DA:54,0
DA:59,0
DA:60,0
DA:61,0
DA:62,0
DA:63,0
DA:64,0
DA:65,0
DA:66,0
DA:67,0
DA:70,0
DA:71,0
DA:72,0
DA:73,0
DA:74,0
DA:75,0
DA:76,0
DA:77,0
DA:78,0
DA:85,0
DA:86,0
DA:89,1
DA:93,1
DA:94,0
DA:102,0
DA:105,0
DA:108,1
DA:111,3
DA:113,0
DA:114,0
DA:119,1
DA:125,1
DA:126,1
DA:127,0
DA:130,0
DA:131,0
DA:133,0
DA:134,0
DA:137,0
DA:142,0
DA:143,0
DA:144,0
DA:147,0
DA:148,0
DA:149,0
DA:152,0
DA:154,0
DA:155,0
DA:161,0
DA:166,0
DA:167,0
DA:168,0
DA:169,0
DA:172,0
DA:176,0
DA:177,0
DA:178,0
DA:180,0
DA:182,0
DA:183,0
DA:184,0
DA:185,0
DA:186,0
DA:187,0
DA:188,0
DA:190,0
DA:191,0
DA:193,0
DA:194,0
DA:197,0
DA:203,0
DA:204,0
DA:205,0
DA:206,0
DA:208,0
DA:211,0
DA:213,0
DA:214,0
DA:216,0
DA:219,0
DA:225,0
DA:227,0
DA:232,0
DA:234,0
DA:235,0
DA:236,0
DA:237,0
DA:243,0
DA:244,0
DA:245,0
DA:246,0
DA:248,0
DA:249,0
DA:250,0
DA:251,0
DA:252,0
DA:253,0
DA:254,0
DA:256,0
DA:258,0
DA:261,0
DA:266,0
DA:268,0
DA:270,0
DA:272,0
DA:273,0
DA:277,16
DA:278,1
LF:119
LH:10
end_of_record
SF:lib/providers/settings_provider.dart
DA:6,4
DA:7,1
DA:14,1
DA:16,0
DA:21,0
DA:22,0
DA:23,0
DA:33,1
DA:35,1
DA:36,2
DA:39,1
DA:40,1
DA:41,0
DA:42,0
DA:44,0
DA:46,0
DA:49,0
DA:51,0
DA:54,0
DA:56,0
DA:57,0
DA:59,0
DA:60,0
DA:64,0
DA:65,0
DA:66,0
LF:26
LH:8
end_of_record
SF:lib/views/widgets/month_summary_card.dart
DA:13,1
DA:20,1
DA:22,1
DA:23,2
DA:24,3
DA:26,1
DA:27,4
DA:30,3
DA:31,1
DA:33,1
DA:34,1
DA:35,1
DA:36,1
DA:37,1
DA:38,1
DA:39,1
DA:46,1
DA:47,0
DA:48,1
DA:50,1
DA:51,1
DA:52,1
DA:53,1
DA:54,1
DA:62,1
DA:64,1
DA:65,1
DA:67,1
DA:68,2
DA:71,1
DA:73,1
DA:74,2
DA:80,1
DA:81,1
DA:82,1
DA:83,3
DA:85,1
DA:86,1
DA:87,3
DA:92,1
DA:94,3
DA:95,2
DA:96,1
DA:110,1
DA:116,1
DA:117,1
DA:118,1
DA:120,1
DA:121,1
DA:126,1
DA:128,1
LF:51
LH:50
end_of_record
SF:lib/utils/formatters.dart
DA:4,6
DA:5,6
DA:7,6
DA:8,6
DA:9,12
LF:5
LH:5
end_of_record
SF:lib/views/account_form_screen.dart
DA:13,1
DA:15,1
DA:16,1
DA:31,1
DA:33,2
DA:34,2
DA:35,1
DA:38,0
DA:39,0
DA:40,0
DA:41,0
DA:42,0
DA:43,0
DA:44,0
DA:47,0
DA:48,0
DA:50,0
DA:53,0
DA:54,0
DA:55,0
DA:56,0
DA:57,0
DA:58,0
DA:62,0
DA:63,0
DA:64,0
DA:66,0
DA:67,0
DA:70,0
DA:71,0
DA:74,0
DA:75,0
DA:76,0
DA:80,0
DA:81,0
DA:86,1
DA:88,2
DA:89,3
DA:92,0
DA:93,0
DA:94,0
DA:95,0
DA:96,0
DA:98,0
DA:99,0
DA:100,0
DA:101,0
DA:104,0
DA:105,0
DA:107,0
DA:108,0
DA:112,1
DA:115,1
DA:116,1
DA:117,1
DA:118,3
DA:120,1
DA:122,1
DA:123,1
DA:124,1
DA:126,1
DA:127,1
DA:128,1
DA:129,1
DA:130,2
DA:133,1
DA:134,7
DA:135,4
DA:136,4
DA:137,4
DA:139,0
DA:140,0
DA:143,3
DA:145,1
DA:146,1
DA:147,1
DA:148,2
DA:151,3
DA:152,2
DA:153,1
DA:154,0
DA:155,0
DA:157,0
DA:160,1
DA:161,1
DA:164,1
DA:165,2
DA:168,0
DA:169,0
DA:171,0
DA:173,0
DA:174,0
DA:177,0
DA:178,0
DA:181,0
DA:182,0
DA:185,1
DA:186,1
DA:188,1
DA:189,2
DA:190,1
DA:193,1
DA:195,3
LF:103
LH:48
end_of_record
SF:lib/views/new_expense_screen.dart
DA:18,2
DA:20,3
DA:21,3
DA:37,3
DA:39,3
DA:40,9
DA:41,6
DA:43,6
DA:44,0
DA:45,0
DA:46,0
DA:49,9
DA:50,3
DA:51,18
DA:52,3
DA:54,0
DA:59,9
DA:60,6
DA:61,3
DA:66,9
DA:67,6
DA:68,6
DA:73,0
DA:74,0
DA:75,0
DA:76,0
DA:77,0
DA:78,0
DA:79,0
DA:80,0
DA:81,0
DA:82,0
DA:85,3
DA:87,6
DA:88,6
DA:89,6
DA:90,3
DA:93,0
DA:94,0
DA:95,0
DA:96,0
DA:97,0
DA:102,0
DA:103,0
DA:104,0
DA:110,0
DA:113,0
DA:114,0
DA:119,0
DA:120,0
DA:121,0
DA:122,0
DA:127,0
DA:128,0
DA:129,0
DA:130,0
DA:133,0
DA:135,0
DA:137,0
DA:138,0
DA:139,0
DA:140,0
DA:143,0
DA:145,0
DA:148,0
DA:149,0
DA:153,3
DA:154,6
DA:155,21
DA:159,6
DA:160,6
DA:164,3
DA:166,9
DA:167,9
DA:169,3
DA:170,3
DA:171,3
DA:172,3
DA:173,12
DA:174,0
DA:177,6
DA:178,0
DA:179,0
DA:180,0
DA:184,3
DA:185,3
DA:186,3
DA:188,0
DA:189,0
DA:192,3
DA:193,0
DA:197,3
DA:198,3
DA:199,15
DA:200,6
DA:202,3
DA:204,3
DA:205,9
DA:208,6
DA:209,3
DA:211,0
DA:215,3
DA:216,3
DA:217,3
DA:219,3
DA:221,3
DA:222,6
DA:223,3
DA:224,6
DA:225,3
DA:226,3
DA:227,3
DA:228,3
DA:231,3
DA:233,3
DA:237,6
DA:238,3
DA:239,6
DA:240,3
DA:248,3
DA:249,3
DA:251,3
DA:252,3
DA:254,3
DA:255,3
DA:258,3
DA:263,3
DA:264,6
DA:265,3
DA:269,3
DA:276,3
DA:277,3
DA:279,3
DA:280,3
DA:281,3
DA:282,3
DA:283,3
DA:284,3
DA:285,3
DA:291,3
DA:292,3
DA:294,3
DA:295,3
DA:297,3
DA:298,3
DA:299,3
DA:300,9
DA:301,3
DA:302,3
DA:304,3
DA:305,3
DA:306,3
DA:307,3
DA:308,3
DA:316,3
DA:317,3
DA:318,3
DA:324,3
DA:325,3
DA:326,3
DA:338,3
DA:339,3
DA:340,3
DA:341,3
DA:342,3
DA:343,0
DA:346,3
DA:348,3
DA:362,3
DA:363,3
DA:365,3
DA:367,3
DA:368,3
DA:369,3
DA:370,3
DA:373,3
DA:374,0
DA:375,0
DA:376,0
DA:377,0
DA:378,0
DA:379,0
DA:381,0
DA:383,0
DA:387,0
DA:389,3
DA:391,9
DA:392,3
DA:393,3
DA:396,15
DA:404,3
DA:405,3
DA:406,3
DA:409,3
DA:410,1
DA:411,7
DA:412,2
DA:413,6
DA:415,3
DA:416,3
DA:417,15
DA:418,0
DA:420,3
DA:421,3
DA:422,3
DA:426,3
DA:428,3
DA:429,3
DA:432,6
DA:433,6
DA:436,3
DA:446,3
DA:447,3
DA:449,6
DA:450,3
DA:451,6
DA:452,3
DA:454,3
DA:455,0
DA:456,0
DA:457,0
DA:460,6
DA:461,3
DA:463,6
DA:471,2
DA:472,10
DA:474,2
DA:476,2
DA:477,0
DA:478,2
DA:480,2
DA:482,2
DA:483,2
DA:485,2
DA:486,2
DA:487,2
DA:489,4
DA:493,8
DA:494,2
DA:504,3
DA:505,6
DA:507,3
DA:509,3
DA:511,3
DA:512,3
DA:514,3
DA:515,0
DA:516,3
DA:520,6
DA:523,3
DA:524,6
DA:525,3
DA:529,9
DA:531,3
DA:533,3
DA:534,3
DA:535,3
DA:539,3
DA:540,12
LF:259
LH:192
end_of_record
SF:lib/utils/web_utils_stub.dart
DA:1,0
DA:2,3
DA:3,0
DA:4,0
LF:4
LH:1
end_of_record
SF:lib/views/members_screen.dart
DA:13,1
DA:15,1
DA:16,1
DA:22,1
DA:24,1
DA:25,1
DA:28,1
DA:29,2
DA:30,5
DA:34,1
DA:35,2
DA:36,1
DA:37,1
DA:38,2
DA:39,2
DA:40,2
DA:41,1
DA:42,1
DA:43,0
DA:44,2
DA:46,1
DA:47,2
DA:48,1
DA:49,2
DA:55,1
DA:57,4
DA:58,1
DA:59,1
DA:60,3
DA:61,3
DA:65,0
DA:66,0
DA:67,0
DA:74,0
DA:77,0
DA:81,0
DA:82,0
DA:83,0
DA:84,0
DA:88,1
DA:89,1
DA:91,1
DA:92,2
DA:93,2
DA:94,1
DA:97,4
DA:98,0
DA:99,0
DA:100,0
DA:101,0
DA:103,0
DA:106,1
DA:107,2
DA:108,2
DA:109,1
DA:111,3
DA:112,2
DA:118,2
DA:119,1
DA:120,1
DA:121,2
DA:122,2
DA:123,1
DA:131,0
DA:134,1
DA:135,1
DA:136,0
DA:137,2
DA:139,1
DA:141,2
DA:148,1
DA:150,4
DA:152,1
DA:154,1
DA:155,1
DA:156,2
DA:157,1
DA:158,1
DA:160,1
DA:161,1
DA:165,1
DA:166,1
DA:167,1
DA:168,2
DA:171,1
DA:172,0
DA:175,1
DA:177,1
DA:178,0
DA:179,0
DA:181,0
DA:183,1
DA:185,1
DA:186,1
DA:187,1
DA:188,2
DA:189,1
DA:190,1
DA:191,1
DA:193,1
DA:199,1
DA:200,1
DA:201,1
DA:202,1
DA:204,1
DA:205,5
DA:206,1
DA:211,2
DA:212,1
DA:214,1
DA:216,1
DA:218,1
DA:219,0
DA:223,1
DA:225,4
LF:115
LH:93
end_of_record
SF:lib/widgets/premium_refresh_indicator.dart
DA:9,3
DA:15,3
DA:17,3
DA:18,3
DA:20,3
DA:25,3
DA:27,3
DA:28,6
DA:31,3
DA:33,3
DA:34,3
DA:36,3
DA:37,3
DA:42,3
DA:46,3
DA:47,6
DA:48,3
DA:49,3
DA:51,9
DA:52,3
DA:66,3
DA:68,3
DA:69,6
DA:70,0
DA:79,3
DA:80,6
DA:81,3
DA:83,9
DA:99,3
LF:29
LH:28
end_of_record
SF:lib/widgets/user_avatar.dart
DA:9,3
DA:17,3
DA:18,0
DA:22,0
DA:23,0
DA:29,3
DA:30,3
DA:31,6
DA:32,6
DA:33,24
DA:35,0
DA:38,3
DA:40,6
DA:41,6
DA:43,3
DA:44,0
DA:45,0
DA:47,0
DA:48,0
DA:49,0
DA:50,0
DA:51,0
DA:53,0
DA:54,0
DA:55,0
DA:57,0
DA:59,0
DA:65,0
DA:67,0
DA:68,0
DA:69,0
DA:70,0
DA:71,0
DA:82,3
DA:83,3
DA:85,3
DA:87,3
DA:89,6
LF:38
LH:16
end_of_record
SF:lib/views/expenses_screen.dart
DA:15,1
DA:17,1
DA:19,2
DA:20,2
DA:21,2
DA:22,1
DA:24,2
DA:26,1
DA:27,1
DA:28,2
DA:30,1
DA:31,1
DA:32,1
DA:33,1
DA:34,1
DA:35,1
DA:38,1
DA:39,0
DA:40,0
DA:41,0
DA:42,0
DA:43,0
DA:44,0
DA:47,0
DA:48,0
DA:53,0
DA:54,0
DA:56,0
DA:65,1
DA:66,2
DA:67,4
DA:68,4
DA:71,2
DA:73,1
DA:74,0
DA:75,0
DA:76,0
DA:77,0
DA:78,0
DA:81,1
DA:82,1
DA:87,1
DA:88,1
DA:90,1
DA:91,1
DA:92,1
DA:93,1
DA:94,7
DA:97,1
DA:99,3
DA:102,1
DA:104,1
DA:105,1
DA:107,1
DA:109,4
DA:110,3
DA:115,2
DA:116,1
DA:122,1
DA:124,1
DA:125,1
DA:127,1
DA:129,1
DA:130,1
DA:132,4
DA:136,1
DA:137,1
DA:138,4
DA:140,3
DA:157,0
DA:158,0
DA:161,0
DA:162,0
DA:165,1
DA:166,0
LF:75
LH:54
end_of_record
SF:lib/widgets/month_navigation_selector.dart
DA:9,1
DA:11,2
DA:13,4
DA:14,4
DA:15,2
DA:17,8
DA:19,2
DA:21,2
DA:22,2
DA:23,2
DA:25,2
DA:27,2
DA:28,2
DA:30,0
DA:31,0
DA:32,0
DA:34,2
DA:36,2
DA:38,2
DA:39,2
DA:41,2
DA:49,2
DA:50,2
DA:54,0
DA:55,0
DA:56,0
DA:58,2
LF:27
LH:21
end_of_record
SF:lib/widgets/expense_tile.dart
DA:20,2
DA:27,2
DA:29,2
DA:30,4
DA:32,14
DA:33,14
DA:34,10
DA:36,2
DA:37,8
DA:39,0
DA:41,0
DA:43,0
DA:44,0
DA:45,0
DA:46,0
DA:47,0
DA:48,0
DA:49,0
DA:50,0
DA:56,0
DA:57,0
DA:59,2
DA:65,2
DA:66,4
DA:70,2
DA:71,6
DA:72,6
DA:73,6
DA:75,6
DA:76,2
DA:78,2
DA:79,2
DA:80,6
DA:81,6
DA:83,4
DA:84,2
DA:85,8
DA:86,8
DA:94,2
DA:96,2
DA:97,2
DA:98,6
DA:101,8
DA:104,2
DA:106,2
DA:108,0
DA:109,2
DA:112,2
DA:114,0
DA:115,0
DA:117,0
DA:118,0
DA:119,0
DA:120,0
DA:121,0
DA:122,0
DA:123,0
DA:124,0
DA:129,0
DA:130,0
DA:133,2
DA:139,0
LF:62
LH:36
end_of_record
SF:lib/views/category_detail_screen.dart
DA:15,1
DA:17,1
DA:19,2
DA:20,2
DA:21,2
DA:22,4
DA:24,1
DA:25,2
DA:27,1
DA:28,1
DA:29,1
DA:30,4
DA:31,0
DA:34,1
DA:35,1
DA:36,2
DA:38,1
DA:39,1
DA:40,1
DA:41,1
DA:42,6
DA:44,1
DA:45,1
DA:50,1
DA:52,1
DA:54,1
DA:55,1
DA:56,1
DA:57,4
DA:58,3
DA:61,1
DA:62,1
DA:63,3
DA:65,1
DA:66,1
DA:67,4
DA:68,1
DA:73,1
DA:74,1
DA:75,1
DA:76,1
DA:77,1
DA:86,1
DA:88,1
DA:90,1
DA:91,1
DA:92,3
DA:97,1
DA:98,1
DA:99,0
DA:100,1
DA:101,1
DA:102,2
DA:103,10
DA:104,4
DA:107,2
DA:109,1
DA:110,1
DA:111,1
DA:112,1
DA:113,1
DA:115,3
DA:116,4
DA:119,1
DA:121,3
DA:124,1
DA:126,1
DA:127,1
DA:129,1
DA:131,4
DA:132,3
DA:137,2
DA:138,1
DA:144,1
DA:146,1
DA:147,1
DA:149,1
DA:151,1
DA:152,1
DA:154,4
DA:158,1
DA:159,1
DA:160,4
DA:162,3
DA:174,1
DA:179,0
DA:180,0
DA:183,0
DA:184,0
DA:186,1
DA:187,0
DA:192,1
DA:193,0
LF:93
LH:85
end_of_record
SF:lib/views/manage_accounts_screen.dart
DA:11,1
DA:13,1
DA:15,2
DA:16,1
DA:18,1
DA:19,1
DA:20,2
DA:22,1
DA:23,2
DA:24,0
DA:25,0
DA:27,1
DA:29,1
DA:30,1
DA:31,1
DA:33,2
DA:34,1
DA:35,2
DA:36,0
DA:38,1
DA:41,1
DA:42,1
DA:43,4
DA:44,3
DA:46,2
DA:47,1
DA:48,1
DA:50,1
DA:51,1
DA:52,3
DA:53,2
DA:55,0
DA:57,1
DA:58,3
DA:59,2
DA:61,0
DA:69,1
DA:70,0
DA:72,1
DA:73,0
DA:74,2
DA:80,0
DA:81,0
DA:82,0
DA:84,0
DA:85,0
DA:86,0
DA:87,0
DA:88,0
DA:89,0
DA:90,0
DA:91,0
DA:92,0
DA:94,0
LF:54
LH:34
end_of_record
